<?xml version="1.0" encoding="UTF-8"?>
<testng-results ignored="0" total="1" passed="1" failed="0" skipped="0">
  <reporter-output>
  </reporter-output>
  <suite started-at="2021-11-12T14:46:38 IST" name="Default suite" finished-at="2021-11-12T14:46:38 IST" duration-ms="171">
    <groups>
    </groups>
    <test started-at="2021-11-12T14:46:38 IST" name="Default test" finished-at="2021-11-12T14:46:38 IST" duration-ms="171">
      <class name="Pratice_Well.LeadsTest">
        <test-method signature="leadtest()[pri:0, instance:Pratice_Well.LeadsTest@28975c28]" started-at="2021-11-12T14:46:38 IST" name="leadtest" finished-at="2021-11-12T14:46:38 IST" duration-ms="26" status="PASS">
          <reporter-output>
          </reporter-output>
        </test-method> <!-- leadtest -->
      </class> <!-- Pratice_Well.LeadsTest -->
    </test> <!-- Default test -->
  </suite> <!-- Default suite -->
</testng-results>
